# Logfile created on 2014-03-29 19:34:35 +0600 by logger.rb/31641
I, [2014-03-29T19:34:35.256393 #12617]  INFO -- : 0:  rake (10.2.2) from /home/mashpy/.rvm/gems/ruby-1.9.3-p429/specifications/rake-10.2.2.gemspec
I, [2014-03-29T19:34:35.257201 #12617]  INFO -- : 0:  i18n (0.6.9) from /home/mashpy/.rvm/gems/ruby-1.9.3-p429/specifications/i18n-0.6.9.gemspec
I, [2014-03-29T19:34:35.257744 #12617]  INFO -- : 0:  minitest (4.7.5) from /home/mashpy/.rvm/gems/ruby-1.9.3-p429/specifications/minitest-4.7.5.gemspec
I, [2014-03-29T19:34:35.258275 #12617]  INFO -- : 0:  multi_json (1.9.2) from /home/mashpy/.rvm/gems/ruby-1.9.3-p429/specifications/multi_json-1.9.2.gemspec
I, [2014-03-29T19:34:35.258791 #12617]  INFO -- : 0:  atomic (1.1.16) from /home/mashpy/.rvm/gems/ruby-1.9.3-p429/specifications/atomic-1.1.16.gemspec
I, [2014-03-29T19:34:35.259340 #12617]  INFO -- : 0:  thread_safe (0.3.1) from /home/mashpy/.rvm/gems/ruby-1.9.3-p429/specifications/thread_safe-0.3.1.gemspec
I, [2014-03-29T19:34:35.259848 #12617]  INFO -- : 0:  tzinfo (0.3.39) from /home/mashpy/.rvm/gems/ruby-1.9.3-p429/specifications/tzinfo-0.3.39.gemspec
I, [2014-03-29T19:34:35.260432 #12617]  INFO -- : 0:  activesupport (4.0.3) from /home/mashpy/.rvm/gems/ruby-1.9.3-p429/specifications/activesupport-4.0.3.gemspec
I, [2014-03-29T19:34:35.260948 #12617]  INFO -- : 0:  builder (3.1.4) from /home/mashpy/.rvm/gems/ruby-1.9.3-p429/specifications/builder-3.1.4.gemspec
I, [2014-03-29T19:34:35.261444 #12617]  INFO -- : 0:  erubis (2.7.0) from /home/mashpy/.rvm/gems/ruby-1.9.3-p429/specifications/erubis-2.7.0.gemspec
I, [2014-03-29T19:34:35.261947 #12617]  INFO -- : 0:  rack (1.5.2) from /home/mashpy/.rvm/gems/ruby-1.9.3-p429/specifications/rack-1.5.2.gemspec
I, [2014-03-29T19:34:35.262443 #12617]  INFO -- : 0:  rack-test (0.6.2) from /home/mashpy/.rvm/gems/ruby-1.9.3-p429/specifications/rack-test-0.6.2.gemspec
I, [2014-03-29T19:34:35.262961 #12617]  INFO -- : 0:  actionpack (4.0.3) from /home/mashpy/.rvm/gems/ruby-1.9.3-p429/specifications/actionpack-4.0.3.gemspec
I, [2014-03-29T19:34:35.263508 #12617]  INFO -- : 0:  mime-types (1.25.1) from /home/mashpy/.rvm/gems/ruby-1.9.3-p429/specifications/mime-types-1.25.1.gemspec
I, [2014-03-29T19:34:35.264003 #12617]  INFO -- : 0:  polyglot (0.3.4) from /home/mashpy/.rvm/gems/ruby-1.9.3-p429/specifications/polyglot-0.3.4.gemspec
I, [2014-03-29T19:34:35.264501 #12617]  INFO -- : 0:  treetop (1.4.15) from /home/mashpy/.rvm/gems/ruby-1.9.3-p429/specifications/treetop-1.4.15.gemspec
I, [2014-03-29T19:34:35.265014 #12617]  INFO -- : 0:  mail (2.5.4) from /home/mashpy/.rvm/gems/ruby-1.9.3-p429/specifications/mail-2.5.4.gemspec
I, [2014-03-29T19:34:35.265525 #12617]  INFO -- : 0:  actionmailer (4.0.3) from /home/mashpy/.rvm/gems/ruby-1.9.3-p429/specifications/actionmailer-4.0.3.gemspec
I, [2014-03-29T19:34:35.266038 #12617]  INFO -- : 0:  activemodel (4.0.3) from /home/mashpy/.rvm/gems/ruby-1.9.3-p429/specifications/activemodel-4.0.3.gemspec
I, [2014-03-29T19:34:35.266534 #12617]  INFO -- : 0:  activerecord-deprecated_finders (1.0.3) from /home/mashpy/.rvm/gems/ruby-1.9.3-p429/specifications/activerecord-deprecated_finders-1.0.3.gemspec
I, [2014-03-29T19:34:35.267046 #12617]  INFO -- : 0:  arel (4.0.2) from /home/mashpy/.rvm/gems/ruby-1.9.3-p429/specifications/arel-4.0.2.gemspec
I, [2014-03-29T19:34:35.267570 #12617]  INFO -- : 0:  activerecord (4.0.3) from /home/mashpy/.rvm/gems/ruby-1.9.3-p429/specifications/activerecord-4.0.3.gemspec
I, [2014-03-29T19:34:35.268058 #12617]  INFO -- : 0:  commonjs (0.2.7) from /home/mashpy/.rvm/gems/ruby-1.9.3-p429/specifications/commonjs-0.2.7.gemspec
I, [2014-03-29T19:34:35.268543 #12617]  INFO -- : 0:  less (2.5.0) from /home/mashpy/.rvm/gems/ruby-1.9.3-p429/specifications/less-2.5.0.gemspec
I, [2014-03-29T19:34:35.269029 #12617]  INFO -- : 0:  less-rails (2.5.0) from /home/mashpy/.rvm/gems/ruby-1.9.3-p429/specifications/less-rails-2.5.0.gemspec
I, [2014-03-29T19:34:35.269519 #12617]  INFO -- : 0:  bootstrap-on-rails (0.0.2) from /home/mashpy/.rvm/gems/ruby-1.9.3-p429/specifications/bootstrap-on-rails-0.0.2.gemspec
I, [2014-03-29T19:34:35.270040 #12617]  INFO -- : 0:  coffee-script-source (1.7.0) from /home/mashpy/.rvm/gems/ruby-1.9.3-p429/specifications/coffee-script-source-1.7.0.gemspec
I, [2014-03-29T19:34:35.270541 #12617]  INFO -- : 0:  execjs (2.0.2) from /home/mashpy/.rvm/gems/ruby-1.9.3-p429/specifications/execjs-2.0.2.gemspec
I, [2014-03-29T19:34:35.271028 #12617]  INFO -- : 0:  coffee-script (2.2.0) from /home/mashpy/.rvm/gems/ruby-1.9.3-p429/specifications/coffee-script-2.2.0.gemspec
I, [2014-03-29T19:34:35.271546 #12617]  INFO -- : 0:  thor (0.19.1) from /home/mashpy/.rvm/gems/ruby-1.9.3-p429/specifications/thor-0.19.1.gemspec
I, [2014-03-29T19:34:35.272064 #12617]  INFO -- : 0:  railties (4.0.3) from /home/mashpy/.rvm/gems/ruby-1.9.3-p429/specifications/railties-4.0.3.gemspec
I, [2014-03-29T19:34:35.272561 #12617]  INFO -- : 0:  coffee-rails (4.0.1) from /home/mashpy/.rvm/gems/ruby-1.9.3-p429/specifications/coffee-rails-4.0.1.gemspec
I, [2014-03-29T19:34:35.273059 #12617]  INFO -- : 0:  tilt (1.4.1) from /home/mashpy/.rvm/gems/ruby-1.9.3-p429/specifications/tilt-1.4.1.gemspec
I, [2014-03-29T19:34:35.273546 #12617]  INFO -- : 0:  haml (4.0.5) from /home/mashpy/.rvm/gems/ruby-1.9.3-p429/specifications/haml-4.0.5.gemspec
I, [2014-03-29T19:34:35.274034 #12617]  INFO -- : 0:  haml-rails (0.5.3) from /home/mashpy/.rvm/gems/ruby-1.9.3-p429/specifications/haml-rails-0.5.3.gemspec
I, [2014-03-29T19:34:35.274534 #12617]  INFO -- : 0:  hike (1.2.3) from /home/mashpy/.rvm/gems/ruby-1.9.3-p429/specifications/hike-1.2.3.gemspec
I, [2014-03-29T19:34:35.275031 #12617]  INFO -- : 0:  jbuilder (1.5.3) from /home/mashpy/.rvm/gems/ruby-1.9.3-p429/specifications/jbuilder-1.5.3.gemspec
I, [2014-03-29T19:34:35.275553 #12617]  INFO -- : 0:  jquery-rails (3.1.0) from /home/mashpy/.rvm/gems/ruby-1.9.3-p429/specifications/jquery-rails-3.1.0.gemspec
I, [2014-03-29T19:34:35.276046 #12617]  INFO -- : 0:  jquery-ui-rails (4.2.0) from /home/mashpy/.rvm/gems/ruby-1.9.3-p429/specifications/jquery-ui-rails-4.2.0.gemspec
I, [2014-03-29T19:34:35.276550 #12617]  INFO -- : 0:  json (1.8.1) from /home/mashpy/.rvm/gems/ruby-1.9.3-p429/specifications/json-1.8.1.gemspec
I, [2014-03-29T19:34:35.277040 #12617]  INFO -- : 0:  libv8 (3.16.14.3) from /home/mashpy/.rvm/gems/ruby-1.9.3-p429/specifications/libv8-3.16.14.3.gemspec
I, [2014-03-29T19:34:35.277537 #12617]  INFO -- : 0:  mini_portile (0.5.3) from /home/mashpy/.rvm/gems/ruby-1.9.3-p429/specifications/mini_portile-0.5.3.gemspec
I, [2014-03-29T19:34:35.278041 #12617]  INFO -- : 0:  nokogiri (1.6.1) from /home/mashpy/.rvm/gems/ruby-1.9.3-p429/specifications/nokogiri-1.6.1.gemspec
I, [2014-03-29T19:34:35.278513 #12617]  INFO -- : 0:  bundler (1.5.1) from /home/mashpy/.rvm/gems/ruby-1.9.3-p429/specifications/bundler-1.5.1.gemspec
I, [2014-03-29T19:34:35.279012 #12617]  INFO -- : 0:  sprockets (2.11.0) from /home/mashpy/.rvm/gems/ruby-1.9.3-p429/specifications/sprockets-2.11.0.gemspec
I, [2014-03-29T19:34:35.279517 #12617]  INFO -- : 0:  sprockets-rails (2.0.1) from /home/mashpy/.rvm/gems/ruby-1.9.3-p429/specifications/sprockets-rails-2.0.1.gemspec
I, [2014-03-29T19:34:35.280033 #12617]  INFO -- : 0:  rails (4.0.3) from /home/mashpy/.rvm/gems/ruby-1.9.3-p429/specifications/rails-4.0.3.gemspec
I, [2014-03-29T19:34:35.280518 #12617]  INFO -- : 0:  rails_serve_static_assets (0.0.2) from /home/mashpy/.rvm/gems/ruby-1.9.3-p429/specifications/rails_serve_static_assets-0.0.2.gemspec
I, [2014-03-29T19:34:35.281033 #12617]  INFO -- : 0:  rails_stdout_logging (0.0.3) from /home/mashpy/.rvm/gems/ruby-1.9.3-p429/specifications/rails_stdout_logging-0.0.3.gemspec
I, [2014-03-29T19:34:35.281544 #12617]  INFO -- : 0:  rails_12factor (0.0.2) from /home/mashpy/.rvm/gems/ruby-1.9.3-p429/specifications/rails_12factor-0.0.2.gemspec
I, [2014-03-29T19:34:35.282050 #12617]  INFO -- : 0:  rdoc (4.1.1) from /home/mashpy/.rvm/gems/ruby-1.9.3-p429/specifications/rdoc-4.1.1.gemspec
I, [2014-03-29T19:34:35.282569 #12617]  INFO -- : 0:  ref (1.0.5) from /home/mashpy/.rvm/gems/ruby-1.9.3-p429/specifications/ref-1.0.5.gemspec
I, [2014-03-29T19:34:35.283108 #12617]  INFO -- : 0:  sass (3.2.18) from /home/mashpy/.rvm/gems/ruby-1.9.3-p429/specifications/sass-3.2.18.gemspec
I, [2014-03-29T19:34:35.283619 #12617]  INFO -- : 0:  sass-rails (4.0.2) from /home/mashpy/.rvm/gems/ruby-1.9.3-p429/specifications/sass-rails-4.0.2.gemspec
I, [2014-03-29T19:34:35.284113 #12617]  INFO -- : 0:  sdoc (0.4.0) from /home/mashpy/.rvm/gems/ruby-1.9.3-p429/specifications/sdoc-0.4.0.gemspec
I, [2014-03-29T19:34:35.284614 #12617]  INFO -- : 0:  therubyracer (0.12.1) from /home/mashpy/.rvm/gems/ruby-1.9.3-p429/specifications/therubyracer-0.12.1.gemspec
I, [2014-03-29T19:34:35.285136 #12617]  INFO -- : 0:  turbolinks (2.2.1) from /home/mashpy/.rvm/gems/ruby-1.9.3-p429/specifications/turbolinks-2.2.1.gemspec
I, [2014-03-29T19:34:35.285674 #12617]  INFO -- : 0:  uglifier (2.5.0) from /home/mashpy/.rvm/gems/ruby-1.9.3-p429/specifications/uglifier-2.5.0.gemspec
